SF:lib\core\constants\app_constants.dart
DA:17,1
LF:1
LH:1
end_of_record
SF:lib\core\data\app_config_repository.dart
DA:6,0
DA:7,0
DA:10,0
DA:11,0
DA:12,0
DA:16,0
DA:20,0
DA:21,0
DA:22,0
DA:28,1
DA:48,1
DA:49,1
DA:50,2
DA:51,2
DA:53,2
DA:54,1
DA:55,1
DA:56,1
DA:57,1
DA:59,1
DA:63,1
DA:64,1
DA:65,1
DA:66,1
DA:67,1
DA:68,1
DA:69,1
DA:73,1
DA:74,1
DA:75,1
DA:76,1
DA:77,1
DA:78,1
DA:79,1
LF:34
LH:25
end_of_record
SF:lib\core\enums\booking_status.dart
DA:17,1
DA:18,1
DA:19,3
DA:20,1
LF:4
LH:4
end_of_record
SF:lib\core\enums\user_role.dart
DA:6,1
DA:7,1
DA:8,3
DA:9,1
LF:4
LH:4
end_of_record
SF:lib\core\providers\firebase_providers.dart
DA:5,0
LF:1
LH:0
end_of_record
SF:lib\core\services\firebase_refs.dart
DA:6,0
DA:10,0
DA:11,0
DA:12,0
LF:4
LH:0
end_of_record
SF:lib\features\auth\data\auth_repository.dart
DA:9,0
DA:10,0
DA:11,0
DA:14,0
DA:15,0
DA:18,3
DA:19,0
DA:20,0
DA:21,0
DA:25,0
DA:30,0
DA:32,0
DA:33,0
DA:34,0
DA:35,0
DA:39,0
DA:40,0
DA:43,0
DA:49,0
DA:51,0
DA:52,0
DA:58,0
DA:62,0
DA:64,0
DA:69,0
LF:25
LH:1
end_of_record
SF:lib\features\auth\domain\app_user.dart
DA:6,1
DA:26,0
DA:27,0
DA:28,0
DA:29,0
DA:30,0
DA:31,0
DA:32,0
DA:33,0
DA:34,0
DA:35,0
DA:36,0
DA:40,0
DA:41,0
DA:42,0
DA:43,0
DA:44,0
DA:45,0
DA:46,0
DA:47,0
DA:48,0
DA:49,0
LF:22
LH:1
end_of_record
SF:lib\features\bookings\domain\booking.dart
DA:6,0
DA:44,0
DA:45,0
DA:46,0
DA:47,0
DA:48,0
DA:49,0
DA:50,0
DA:51,0
DA:52,0
DA:53,0
DA:54,0
DA:55,0
DA:56,0
DA:57,0
DA:58,0
DA:59,0
DA:60,0
DA:61,0
DA:62,0
DA:63,0
DA:64,0
DA:65,0
DA:66,0
DA:70,0
DA:71,0
DA:72,0
DA:73,0
DA:74,0
DA:75,0
DA:76,0
DA:77,0
DA:78,0
DA:79,0
DA:80,0
DA:81,0
DA:82,0
DA:83,0
DA:84,0
DA:85,0
DA:86,0
DA:87,0
DA:93,0
DA:103,0
DA:104,0
DA:105,0
DA:106,0
DA:107,0
DA:111,0
DA:112,0
DA:113,0
DA:114,0
LF:52
LH:0
end_of_record
SF:lib\features\customer\presentation\customer_dashboard_screen.dart
DA:15,2
DA:16,1
DA:17,0
DA:18,0
DA:19,0
DA:22,2
DA:23,2
DA:24,4
DA:27,2
DA:28,2
DA:79,1
DA:81,0
DA:83,0
DA:105,0
DA:107,0
DA:108,0
DA:111,0
DA:112,0
DA:113,0
DA:114,0
DA:119,0
DA:121,0
DA:122,0
DA:123,0
DA:129,0
DA:130,0
DA:131,0
DA:132,0
DA:133,0
DA:134,0
DA:135,0
DA:140,0
DA:141,0
DA:142,0
DA:144,0
DA:150,0
DA:157,0
DA:158,0
DA:159,0
DA:164,0
DA:166,0
DA:169,0
DA:170,0
DA:171,0
DA:172,0
DA:173,0
DA:174,0
DA:175,0
DA:176,0
DA:177,0
DA:178,0
DA:179,0
DA:180,0
DA:182,0
DA:183,0
DA:184,0
DA:186,0
DA:187,0
DA:188,0
DA:190,0
DA:193,0
DA:194,0
DA:195,0
DA:196,0
DA:201,0
DA:202,0
DA:203,0
DA:206,0
DA:208,0
DA:213,0
DA:214,0
DA:216,0
DA:219,0
DA:221,0
DA:222,0
DA:226,0
DA:228,0
DA:248,0
DA:250,0
DA:251,0
DA:257,0
DA:273,0
DA:274,0
DA:277,0
DA:278,0
DA:281,0
DA:282,0
DA:292,0
DA:294,0
DA:295,0
DA:296,0
DA:297,0
DA:300,0
DA:302,0
DA:303,0
DA:305,0
DA:306,0
DA:307,0
DA:310,0
DA:311,0
DA:312,0
DA:314,0
DA:329,0
DA:331,0
DA:332,0
DA:333,0
DA:361,0
DA:362,0
DA:364,0
DA:365,0
DA:368,0
DA:369,0
DA:370,0
DA:382,0
DA:395,0
DA:396,0
DA:399,0
DA:400,0
DA:401,0
DA:402,0
DA:405,0
DA:407,0
DA:408,0
DA:410,0
DA:411,0
DA:412,0
DA:415,0
DA:416,0
DA:417,0
DA:419,0
DA:420,0
DA:426,0
DA:427,0
DA:429,0
DA:430,0
DA:431,0
DA:439,0
DA:440,0
DA:461,0
DA:471,1
DA:473,1
DA:475,1
DA:482,1
DA:484,2
DA:485,1
DA:488,0
DA:489,0
DA:490,0
DA:492,0
DA:495,0
DA:496,0
DA:497,0
DA:503,0
DA:507,1
DA:509,3
DA:510,4
DA:511,3
DA:512,3
DA:513,3
DA:517,0
DA:518,2
DA:519,1
DA:521,1
DA:522,1
DA:523,1
DA:528,1
DA:530,1
DA:532,1
DA:534,1
DA:536,0
DA:540,1
DA:542,1
DA:544,1
DA:545,1
DA:546,1
DA:548,1
DA:557,1
DA:558,1
DA:559,1
DA:560,1
DA:562,1
DA:565,1
DA:567,1
DA:583,1
DA:584,1
DA:585,1
DA:586,1
DA:589,1
DA:591,1
DA:592,1
DA:594,1
DA:595,1
DA:596,1
DA:604,1
DA:605,1
DA:607,1
DA:630,1
DA:631,1
DA:632,1
DA:633,0
DA:644,1
DA:645,0
DA:646,0
DA:659,1
DA:660,2
DA:664,1
DA:665,1
DA:666,1
DA:672,1
DA:673,0
DA:675,0
DA:679,1
DA:681,1
DA:683,1
DA:684,1
DA:685,1
DA:686,1
DA:687,1
DA:693,1
DA:694,1
DA:696,1
DA:699,1
DA:700,1
DA:704,1
DA:720,1
DA:721,1
DA:722,1
DA:723,1
DA:725,1
DA:734,1
DA:735,1
DA:737,1
DA:740,1
DA:741,1
DA:742,1
DA:743,1
DA:744,1
DA:752,1
DA:753,1
DA:754,1
DA:755,1
DA:756,1
DA:770,1
DA:771,0
DA:786,1
DA:787,1
DA:789,1
DA:792,1
DA:793,1
DA:794,1
DA:795,1
DA:796,1
DA:797,0
DA:798,0
DA:808,1
DA:809,1
DA:810,1
DA:822,1
DA:823,1
DA:825,1
DA:828,1
DA:829,1
DA:830,1
DA:833,0
DA:834,0
DA:835,0
DA:838,1
DA:839,2
DA:841,1
DA:842,1
DA:843,2
DA:844,0
DA:845,0
DA:846,0
DA:855,1
DA:856,1
DA:857,1
DA:858,1
DA:864,1
DA:865,3
DA:866,1
DA:887,1
DA:888,1
DA:889,1
DA:890,1
DA:891,1
DA:893,1
DA:894,1
DA:896,1
DA:898,1
DA:899,1
DA:901,1
DA:902,1
DA:903,1
DA:926,0
DA:928,0
DA:929,0
DA:931,0
DA:935,1
DA:939,0
DA:941,0
DA:958,1
DA:962,1
DA:964,1
DA:965,1
DA:966,2
DA:967,1
DA:969,1
DA:1011,1
DA:1013,1
DA:1015,1
DA:1016,1
DA:1042,1
DA:1069,1
DA:1071,1
DA:1078,1
DA:1080,1
DA:1081,1
DA:1083,1
DA:1086,1
DA:1088,1
DA:1101,1
DA:1107,1
DA:1109,1
DA:1113,3
DA:1114,1
DA:1116,1
DA:1117,2
DA:1119,2
DA:1133,1
DA:1136,1
DA:1138,1
DA:1139,0
DA:1140,1
DA:1143,1
DA:1144,1
DA:1145,1
DA:1148,1
DA:1150,1
DA:1151,1
DA:1153,1
DA:1154,3
DA:1160,1
DA:1161,2
DA:1177,1
DA:1178,1
DA:1179,1
DA:1180,1
DA:1181,1
DA:1182,1
DA:1183,1
DA:1184,1
DA:1200,1
DA:1212,1
DA:1216,1
DA:1218,1
DA:1219,1
DA:1220,1
DA:1223,1
DA:1225,1
DA:1226,1
DA:1227,1
DA:1228,1
DA:1229,1
DA:1234,1
DA:1236,1
DA:1237,1
DA:1240,1
DA:1242,2
DA:1243,1
DA:1244,1
DA:1245,1
DA:1246,3
DA:1248,1
DA:1250,2
DA:1251,1
DA:1254,1
DA:1257,1
DA:1259,1
DA:1261,1
DA:1279,1
DA:1281,1
DA:1283,1
DA:1284,3
DA:1293,1
DA:1294,1
DA:1298,4
DA:1306,1
DA:1309,1
DA:1310,3
DA:1315,3
DA:1316,3
DA:1337,1
DA:1340,1
DA:1342,1
DA:1343,0
DA:1344,1
DA:1345,1
DA:1347,1
DA:1348,1
DA:1349,1
DA:1350,1
DA:1351,1
DA:1356,1
DA:1358,1
DA:1359,1
DA:1361,1
DA:1364,1
DA:1366,1
DA:1367,1
DA:1368,3
DA:1369,1
DA:1370,3
DA:1372,1
DA:1375,1
DA:1378,1
DA:1381,1
DA:1383,1
DA:1391,1
DA:1394,1
DA:1397,1
DA:1398,1
DA:1399,1
DA:1400,1
DA:1419,1
DA:1421,1
DA:1423,1
DA:1424,3
DA:1432,3
DA:1438,1
DA:1441,1
DA:1442,1
DA:1446,1
DA:1447,1
DA:1452,0
DA:1453,0
DA:1466,1
DA:1467,1
DA:1468,1
DA:1469,1
DA:1470,1
DA:1471,1
DA:1472,1
DA:1473,0
DA:1477,1
DA:1478,1
DA:1479,1
DA:1480,1
DA:1481,1
DA:1482,1
DA:1483,1
DA:1484,0
DA:1492,1
DA:1498,1
DA:1500,1
DA:1501,1
DA:1502,1
DA:1505,1
DA:1506,1
DA:1507,1
DA:1509,2
DA:1511,2
DA:1512,1
DA:1514,1
DA:1515,1
DA:1524,0
DA:1527,0
DA:1529,0
DA:1530,0
DA:1531,0
DA:1532,0
DA:1533,0
DA:1537,0
DA:1538,0
DA:1539,0
DA:1542,0
DA:1544,0
DA:1545,0
DA:1546,0
DA:1547,0
DA:1548,0
DA:1553,0
DA:1554,0
DA:1555,0
DA:1558,0
DA:1560,0
DA:1561,0
DA:1566,0
DA:1567,0
DA:1569,0
DA:1570,0
DA:1576,0
DA:1582,0
DA:1584,0
DA:1585,0
DA:1586,0
DA:1587,0
DA:1589,0
DA:1590,0
DA:1593,0
DA:1607,1
DA:1611,1
DA:1613,1
DA:1618,1
DA:1619,1
DA:1620,1
DA:1654,0
DA:1666,0
DA:1668,0
DA:1671,0
DA:1672,0
DA:1673,0
DA:1674,0
DA:1677,0
DA:1680,0
DA:1687,0
DA:1689,0
DA:1690,0
DA:1706,0
DA:1707,0
DA:1708,0
DA:1709,0
DA:1711,0
DA:1715,0
DA:1716,0
DA:1718,0
DA:1721,0
DA:1722,0
DA:1724,0
DA:1725,0
DA:1727,0
DA:1728,0
DA:1730,0
DA:1732,0
DA:1733,0
DA:1734,0
DA:1735,0
DA:1736,0
DA:1741,0
DA:1742,0
DA:1743,0
DA:1745,0
DA:1746,0
DA:1748,0
DA:1749,0
DA:1766,0
DA:1768,0
DA:1769,0
DA:1771,0
DA:1772,0
DA:1773,0
DA:1774,0
DA:1777,0
DA:1779,0
DA:1780,0
DA:1782,0
DA:1783,0
DA:1788,0
DA:1798,0
DA:1799,0
DA:1800,0
DA:1807,0
DA:1808,0
DA:1809,0
DA:1810,0
DA:1812,0
DA:1813,0
DA:1814,0
DA:1815,0
DA:1816,0
DA:1817,0
DA:1818,0
DA:1819,0
DA:1827,0
DA:1838,0
DA:1840,0
DA:1842,0
DA:1853,0
DA:1857,0
DA:1858,0
DA:1859,0
DA:1860,0
DA:1863,0
DA:1865,0
DA:1866,0
DA:1868,0
DA:1870,0
DA:1874,0
DA:1887,0
DA:1900,0
DA:1901,0
DA:1903,0
DA:1906,0
DA:1908,0
DA:1909,0
DA:1911,0
DA:1912,0
DA:1917,0
DA:1918,0
DA:1927,0
DA:1934,0
DA:1935,0
DA:1936,0
DA:1937,0
DA:1938,0
DA:1939,0
DA:1940,0
DA:1941,0
LF:608
LH:304
end_of_record
SF:lib\app\theme\app_theme.dart
DA:20,0
DA:22,0
DA:25,0
DA:77,0
DA:78,0
DA:122,0
LF:6
LH:0
end_of_record
SF:lib\features\bookings\data\booking_repository.dart
DA:8,0
DA:9,0
DA:13,0
DA:17,0
DA:18,0
DA:19,0
DA:20,0
DA:21,0
DA:22,0
DA:23,0
DA:26,0
DA:27,0
DA:28,0
DA:29,0
DA:30,0
DA:31,0
DA:32,0
DA:35,0
DA:36,0
DA:37,0
DA:38,0
DA:39,0
DA:40,0
DA:43,0
DA:44,0
DA:48,0
DA:49,0
DA:50,0
DA:51,0
DA:55,0
DA:56,0
DA:57,0
DA:60,0
DA:61,0
DA:62,0
DA:63,0
DA:64,0
DA:67,0
DA:72,0
DA:73,0
DA:74,0
DA:77,0
DA:83,0
DA:88,0
DA:91,0
DA:95,0
DA:96,0
DA:97,0
DA:98,0
DA:99,0
LF:50
LH:0
end_of_record
